#
# There is insufficient memory for the Java Runtime Environment to continue.
# Native memory allocation (malloc) failed to allocate 1557456 bytes for Chunk::new
# Possible reasons:
#   The system is out of physical RAM or swap space
#   In 32 bit mode, the process size limit was hit
# Possible solutions:
#   Reduce memory load on the system
#   Increase physical memory or swap space
#   Check if swap backing store is full
#   Use 64 bit Java on a 64 bit OS
#   Decrease Java heap size (-Xmx/-Xms)
#   Decrease number of Java threads
#   Decrease Java thread stack sizes (-Xss)
#   Set larger code cache with -XX:ReservedCodeCacheSize=
# This output file may be truncated or incomplete.
#
#  Out of Memory Error (allocation.cpp:390), pid=7044, tid=0x0000000000001d2c
#
# JRE version: OpenJDK Runtime Environment (8.0_152-b02) (build 1.8.0_152-release-1024-b02)
# Java VM: OpenJDK 64-Bit Server VM (25.152-b02 mixed mode windows-amd64 compressed oops)
# Failed to write core dump. Minidumps are not enabled by default on client versions of Windows
#

---------------  T H R E A D  ---------------

Current thread (0x00000000164ec800):  JavaThread "C2 CompilerThread0" daemon [_thread_in_native, id=7468, stack(0x0000000017b30000,0x0000000017c30000)]

Stack: [0x0000000017b30000,0x0000000017c30000]
[error occurred during error reporting (printing stack bounds), id 0xc0000005]

Native frames: (J=compiled Java code, j=interpreted, Vv=VM code, C=native code)


Current CompileTask:
C2:4638891 29323 %     4       com.android.ide.common.res2.ResourceMerger::buildCache @ 66 (421 bytes)


---------------  P R O C E S S  ---------------

Java Threads: ( => current thread )
  0x00000000191b3000 JavaThread "stdout" daemon [_thread_in_native, id=11548, stack(0x0000000029360000,0x0000000029460000)]
  0x00000000191b0800 JavaThread "stderr" daemon [_thread_in_native, id=1880, stack(0x0000000029260000,0x0000000029360000)]
  0x00000000191b1800 JavaThread "stdout" daemon [_thread_in_native, id=3688, stack(0x0000000029160000,0x0000000029260000)]
  0x00000000191af000 JavaThread "stderr" daemon [_thread_in_native, id=9112, stack(0x0000000029060000,0x0000000029160000)]
  0x00000000191b0000 JavaThread "stdout" daemon [_thread_in_native, id=11448, stack(0x0000000028f60000,0x0000000029060000)]
  0x00000000191ae800 JavaThread "stderr" daemon [_thread_in_native, id=9464, stack(0x0000000026c90000,0x0000000026d90000)]
  0x00000000191aa800 JavaThread "stdout" daemon [_thread_in_native, id=9456, stack(0x0000000026b90000,0x0000000026c90000)]
  0x000000001fb12800 JavaThread "stderr" daemon [_thread_in_native, id=5608, stack(0x0000000026a90000,0x0000000026b90000)]
  0x000000001fb10000 JavaThread "queued-resource-processor_80" daemon [_thread_blocked, id=11916, stack(0x0000000026990000,0x0000000026a90000)]
  0x000000001fb13000 JavaThread "queued-resource-processor_79" daemon [_thread_blocked, id=4232, stack(0x0000000026890000,0x0000000026990000)]
  0x000000001fb0f800 JavaThread "queued-resource-processor_78" daemon [_thread_blocked, id=3548, stack(0x0000000026790000,0x0000000026890000)]
  0x000000001fb11800 JavaThread "queued-resource-processor_77" daemon [_thread_blocked, id=4408, stack(0x0000000026690000,0x0000000026790000)]
  0x000000001fb0e800 JavaThread "Worker Daemon Execution Thread 4" [_thread_blocked, id=10264, stack(0x0000000025e90000,0x0000000025f90000)]
  0x000000001fb0a800 JavaThread "Worker Daemon Execution Thread 3" [_thread_blocked, id=8496, stack(0x0000000025990000,0x0000000025a90000)]
  0x000000001fb0b800 JavaThread "Worker Daemon Execution Thread 2" [_thread_blocked, id=5364, stack(0x0000000025690000,0x0000000025790000)]
  0x000000001fb0d800 JavaThread "Worker Daemon Execution" [_thread_blocked, id=5204, stack(0x000000001ade0000,0x000000001aee0000)]
  0x000000001fb0d000 JavaThread "Task worker for ':' Thread 3" [_thread_blocked, id=9056, stack(0x0000000025190000,0x0000000025290000)]
  0x000000001fb09000 JavaThread "Task worker for ':' Thread 2" [_thread_blocked, id=1736, stack(0x0000000025090000,0x0000000025190000)]
  0x000000001fb0c000 JavaThread "Task worker for ':'" [_thread_blocked, id=6820, stack(0x0000000024f90000,0x0000000025090000)]
  0x000000001fb0a000 JavaThread "Cache worker for Build Output Cleanup Cache (E:\ftuimobile\dhadotid-smartsip-dcfdad64b2cd\.gradle\buildOutputCleanup)" [_thread_blocked, id=10336, stack(0x0000000024e90000,0x0000000024f90000)]
  0x000000001fb05800 JavaThread "Cache worker for task history cache (E:\ftuimobile\dhadotid-smartsip-dcfdad64b2cd\.gradle\4.4\taskHistory)" [_thread_blocked, id=12508, stack(0x0000000024590000,0x0000000024690000)]
  0x000000001fb08800 JavaThread "build operations Thread 4" [_thread_blocked, id=5700, stack(0x0000000024090000,0x0000000024190000)]
  0x000000001fb07800 JavaThread "build operations Thread 3" [_thread_blocked, id=13708, stack(0x0000000023130000,0x0000000023230000)]
  0x000000001fb07000 JavaThread "build operations Thread 2" [_thread_blocked, id=11104, stack(0x0000000021630000,0x0000000021730000)]
  0x000000001d92b000 JavaThread "build operations" [_thread_blocked, id=5744, stack(0x0000000021530000,0x0000000021630000)]
  0x000000001d92d800 JavaThread "Cache worker for Artifact transforms cache (C:\Users\hilda\.gradle\caches\transforms-1)" [_thread_blocked, id=3984, stack(0x000000001e7e0000,0x000000001e8e0000)]
  0x000000001d926000 JavaThread "Cache worker for file hash cache (E:\ftuimobile\dhadotid-smartsip-dcfdad64b2cd\.gradle\4.4\fileHashes)" [_thread_blocked, id=3808, stack(0x000000001c2b0000,0x000000001c3b0000)]
  0x000000001d923800 JavaThread "Asynchronous log dispatcher for DefaultDaemonConnection: socket connection from /127.0.0.1:64798 to /127.0.0.1:53503" [_thread_blocked, id=636, stack(0x000000001ace0000,0x000000001ade0000)]
  0x000000001d926800 JavaThread "Daemon worker Thread 12" [_thread_blocked, id=11520, stack(0x000000001abe0000,0x000000001ace0000)]
  0x000000001d922000 JavaThread "Cancel handler" [_thread_blocked, id=8072, stack(0x000000001aae0000,0x000000001abe0000)]
  0x000000001d925000 JavaThread "Handler for socket connection from /127.0.0.1:64798 to /127.0.0.1:53503" [_thread_in_native, id=12580, stack(0x000000001a7e0000,0x000000001a8e0000)]
  0x000000001d923000 JavaThread "Daemon Thread 12" [_thread_blocked, id=5520, stack(0x000000001a6e0000,0x000000001a7e0000)]
  0x0000000019aa6800 JavaThread "pool-68-thread-3" [_thread_blocked, id=4756, stack(0x0000000026390000,0x0000000026490000)]
  0x0000000019aa2800 JavaThread "pool-68-thread-2" [_thread_blocked, id=276, stack(0x0000000025a90000,0x0000000025b90000)]
  0x00000000191b3800 JavaThread "pool-68-thread-1" [_thread_blocked, id=308, stack(0x0000000025b90000,0x0000000025c90000)]
  0x000000001d924800 JavaThread "Java2D Disposer" daemon [_thread_blocked, id=6512, stack(0x0000000026090000,0x0000000026190000)]
  0x00000000191a9000 JavaThread "Memory manager" [_thread_blocked, id=13656, stack(0x0000000022030000,0x0000000022130000)]
  0x00000000191a8800 JavaThread "pool-1-thread-1" [_thread_blocked, id=14140, stack(0x0000000021d30000,0x0000000021e30000)]
  0x0000000018046000 JavaThread "File lock request listener" [_thread_in_native, id=2764, stack(0x000000001c1b0000,0x000000001c2b0000)]
  0x0000000018723000 JavaThread "Cache worker for file hash cache (C:\Users\hilda\.gradle\caches\4.4\fileHashes)" [_thread_blocked, id=12360, stack(0x000000001b0e0000,0x000000001b1e0000)]
  0x00000000193de800 JavaThread "Daemon periodic checks" [_thread_blocked, id=1004, stack(0x000000001a5e0000,0x000000001a6e0000)]
  0x00000000193c6800 JavaThread "Incoming local TCP Connector on port 64798" [_thread_in_native, id=11880, stack(0x000000001a0e0000,0x000000001a1e0000)]
  0x0000000017e50800 JavaThread "Service Thread" daemon [_thread_blocked, id=4716, stack(0x0000000018230000,0x0000000018330000)]
  0x00000000164fc000 JavaThread "C1 CompilerThread2" daemon [_thread_blocked, id=11784, stack(0x0000000017d30000,0x0000000017e30000)]
  0x00000000164f2800 JavaThread "C2 CompilerThread1" daemon [_thread_in_native, id=5192, stack(0x0000000017c30000,0x0000000017d30000)]
=>0x00000000164ec800 JavaThread "C2 CompilerThread0" daemon [_thread_in_native, id=7468, stack(0x0000000017b30000,0x0000000017c30000)]
  0x00000000164f8800 JavaThread "Attach Listener" daemon [_thread_blocked, id=9692, stack(0x0000000017a30000,0x0000000017b30000)]
  0x00000000164f7800 JavaThread "Signal Dispatcher" daemon [_thread_blocked, id=10704, stack(0x0000000017930000,0x0000000017a30000)]
  0x00000000164d8800 JavaThread "Finalizer" daemon [_thread_blocked, id=6396, stack(0x0000000017750000,0x0000000017850000)]
  0x0000000002b72800 JavaThread "Reference Handler" daemon [_thread_blocked, id=10152, stack(0x0000000017650000,0x0000000017750000)]
  0x0000000002a82800 JavaThread "main" [_thread_blocked, id=14236, stack(0x00000000028f0000,0x00000000029f0000)]

Other Threads:
  0x00000000164b6000 VMThread [stack: 0x0000000017550000,0x0000000017650000] [id=8504]
  0x0000000017e69000 WatcherThread [stack: 0x0000000018330000,0x0000000018430000] [id=12552]

VM state:not at safepoint (normal execution)

VM Mutex/Monitor currently owned by a thread: None

Heap:
 PSYoungGen      total 384000K, used 113379K [0x00000000e0000000, 0x00000000fde80000, 0x0000000100000000)
  eden space 315392K, 25% used [0x00000000e0000000,0x00000000e4de4748,0x00000000f3400000)
  from space 68608K, 49% used [0x00000000f3400000,0x00000000f54d4860,0x00000000f7700000)
  to   space 70144K, 0% used [0x00000000f9a00000,0x00000000f9a00000,0x00000000fde80000)
 ParOldGen       total 485376K, used 247862K [0x00000000a0000000, 0x00000000bda00000, 0x00000000e0000000)
  object space 485376K, 51% used [0x00000000a0000000,0x00000000af20d958,0x00000000bda00000)
 Metaspace       used 101212K, capacity 107874K, committed 108032K, reserved 1142784K
  class space    used 12505K, capacity 13745K, committed 13824K, reserved 1048576K

Card table byte_map: [0x0000000011f40000,0x0000000012250000] byte_map_base: 0x0000000011a40000

Marking Bits: (ParMarkBitMap*) 0x0000000058664970
 Begin Bits: [0x0000000012850000, 0x0000000014050000)
 End Bits:   [0x0000000014050000, 0x0000000015850000)

Polling page: 0x00000000028d0000

CodeCache: size=245760Kb used=81611Kb max_used=81611Kb free=164148Kb
 bounds [0x0000000002b80000, 0x0000000007bc0000, 0x0000000011b80000]
 total_blobs=22957 nmethods=21950 adapters=918
 compilation: enabled

Compilation events (10 events):
Event: 4637.660 Thread 0x00000000164fc000 29362       3       com.android.ide.common.vectordrawable.VdNodeRender::createPath (62 bytes)
Event: 4637.662 Thread 0x00000000164fc000 nmethod 29362 0x0000000007434690 code [0x0000000007434800, 0x0000000007434b68]
Event: 4637.694 Thread 0x00000000164fc000 29363       3       com.sun.org.apache.xerces.internal.dom.NodeImpl::setOwnerDocument (24 bytes)
Event: 4637.695 Thread 0x00000000164fc000 nmethod 29363 0x00000000052f7c90 code [0x00000000052f7e20, 0x00000000052f8348]
Event: 4637.697 Thread 0x00000000164fc000 29364       3       com.sun.org.apache.xerces.internal.dom.ParentNode::setOwnerDocument (44 bytes)
Event: 4637.700 Thread 0x00000000164fc000 nmethod 29364 0x00000000052f6f10 code [0x00000000052f70e0, 0x00000000052f7a48]
Event: 4637.702 Thread 0x00000000164fc000 29366       2       com.sun.org.apache.xerces.internal.dom.CoreDocumentImpl::setUserDataTable (35 bytes)
Event: 4637.703 Thread 0x00000000164fc000 nmethod 29366 0x0000000007434250 code [0x00000000074343c0, 0x00000000074345c8]
Event: 4637.703 Thread 0x00000000164fc000 29367   !   3       com.sun.org.apache.xerces.internal.dom.CoreDocumentImpl::adoptNode (512 bytes)
Event: 4637.730 Thread 0x00000000164fc000 nmethod 29367 0x0000000007bae210 code [0x0000000007bae800, 0x0000000007bb2e68]

GC Heap History (10 events):
Event: 3295.833 GC heap before
{Heap before GC invocations=62 (full 5):
 PSYoungGen      total 381952K, used 311373K [0x00000000e0000000, 0x00000000fd480000, 0x0000000100000000)
  eden space 301568K, 100% used [0x00000000e0000000,0x00000000f2680000,0x00000000f2680000)
  from space 80384K, 12% used [0x00000000f8600000,0x00000000f8f936a0,0x00000000fd480000)
  to   space 89088K, 0% used [0x00000000f2680000,0x00000000f2680000,0x00000000f7d80000)
 ParOldGen       total 485376K, used 247830K [0x00000000a0000000, 0x00000000bda00000, 0x00000000e0000000)
  object space 485376K, 51% used [0x00000000a0000000,0x00000000af205958,0x00000000bda00000)
 Metaspace       used 99349K, capacity 104778K, committed 105088K, reserved 1140736K
  class space    used 12257K, capacity 13308K, committed 13440K, reserved 1048576K
Event: 3295.865 GC heap after
Heap after GC invocations=62 (full 5):
 PSYoungGen      total 390656K, used 8208K [0x00000000e0000000, 0x00000000fd480000, 0x0000000100000000)
  eden space 301568K, 0% used [0x00000000e0000000,0x00000000e0000000,0x00000000f2680000)
  from space 89088K, 9% used [0x00000000f2680000,0x00000000f2e84030,0x00000000f7d80000)
  to   space 83968K, 0% used [0x00000000f8280000,0x00000000f8280000,0x00000000fd480000)
 ParOldGen       total 485376K, used 247838K [0x00000000a0000000, 0x00000000bda00000, 0x00000000e0000000)
  object space 485376K, 51% used [0x00000000a0000000,0x00000000af207958,0x00000000bda00000)
 Metaspace       used 99349K, capacity 104778K, committed 105088K, reserved 1140736K
  class space    used 12257K, capacity 13308K, committed 13440K, reserved 1048576K
}
Event: 3471.083 GC heap before
{Heap before GC invocations=63 (full 5):
 PSYoungGen      total 390656K, used 309776K [0x00000000e0000000, 0x00000000fd480000, 0x0000000100000000)
  eden space 301568K, 100% used [0x00000000e0000000,0x00000000f2680000,0x00000000f2680000)
  from space 89088K, 9% used [0x00000000f2680000,0x00000000f2e84030,0x00000000f7d80000)
  to   space 83968K, 0% used [0x00000000f8280000,0x00000000f8280000,0x00000000fd480000)
 ParOldGen       total 485376K, used 247838K [0x00000000a0000000, 0x00000000bda00000, 0x00000000e0000000)
  object space 485376K, 51% used [0x00000000a0000000,0x00000000af207958,0x00000000bda00000)
 Metaspace       used 100579K, capacity 106970K, committed 107136K, reserved 1142784K
  class space    used 12439K, capacity 13631K, committed 13696K, reserved 1048576K
Event: 3471.116 GC heap after
Heap after GC invocations=63 (full 5):
 PSYoungGen      total 378368K, used 15408K [0x00000000e0000000, 0x00000000fc580000, 0x0000000100000000)
  eden space 309760K, 0% used [0x00000000e0000000,0x00000000e0000000,0x00000000f2e80000)
  from space 68608K, 22% used [0x00000000f8280000,0x00000000f918c0e8,0x00000000fc580000)
  to   space 77312K, 0% used [0x00000000f2e80000,0x00000000f2e80000,0x00000000f7a00000)
 ParOldGen       total 485376K, used 247846K [0x00000000a0000000, 0x00000000bda00000, 0x00000000e0000000)
  object space 485376K, 51% used [0x00000000a0000000,0x00000000af209958,0x00000000bda00000)
 Metaspace       used 100579K, capacity 106970K, committed 107136K, reserved 1142784K
  class space    used 12439K, capacity 13631K, committed 13696K, reserved 1048576K
}
Event: 3787.461 GC heap before
{Heap before GC invocations=64 (full 5):
 PSYoungGen      total 378368K, used 325168K [0x00000000e0000000, 0x00000000fc580000, 0x0000000100000000)
  eden space 309760K, 100% used [0x00000000e0000000,0x00000000f2e80000,0x00000000f2e80000)
  from space 68608K, 22% used [0x00000000f8280000,0x00000000f918c0e8,0x00000000fc580000)
  to   space 77312K, 0% used [0x00000000f2e80000,0x00000000f2e80000,0x00000000f7a00000)
 ParOldGen       total 485376K, used 247846K [0x00000000a0000000, 0x00000000bda00000, 0x00000000e0000000)
  object space 485376K, 51% used [0x00000000a0000000,0x00000000af209958,0x00000000bda00000)
 Metaspace       used 100773K, capacity 107274K, committed 107392K, reserved 1142784K
  class space    used 12451K, capacity 13651K, committed 13696K, reserved 1048576K
Event: 3787.776 GC heap after
Heap after GC invocations=64 (full 5):
 PSYoungGen      total 387072K, used 11568K [0x00000000e0000000, 0x00000000fc380000, 0x0000000100000000)
  eden space 309760K, 0% used [0x00000000e0000000,0x00000000e0000000,0x00000000f2e80000)
  from space 77312K, 14% used [0x00000000f2e80000,0x00000000f39cc030,0x00000000f7a00000)
  to   space 72704K, 0% used [0x00000000f7c80000,0x00000000f7c80000,0x00000000fc380000)
 ParOldGen       total 485376K, used 247854K [0x00000000a0000000, 0x00000000bda00000, 0x00000000e0000000)
  object space 485376K, 51% used [0x00000000a0000000,0x00000000af20b958,0x00000000bda00000)
 Metaspace       used 100773K, capacity 107274K, committed 107392K, reserved 1142784K
  class space    used 12451K, capacity 13651K, committed 13696K, reserved 1048576K
}
Event: 4531.690 GC heap before
{Heap before GC invocations=65 (full 5):
 PSYoungGen      total 387072K, used 321328K [0x00000000e0000000, 0x00000000fc380000, 0x0000000100000000)
  eden space 309760K, 100% used [0x00000000e0000000,0x00000000f2e80000,0x00000000f2e80000)
  from space 77312K, 14% used [0x00000000f2e80000,0x00000000f39cc030,0x00000000f7a00000)
  to   space 72704K, 0% used [0x00000000f7c80000,0x00000000f7c80000,0x00000000fc380000)
 ParOldGen       total 485376K, used 247854K [0x00000000a0000000, 0x00000000bda00000, 0x00000000e0000000)
  object space 485376K, 51% used [0x00000000a0000000,0x00000000af20b958,0x00000000bda00000)
 Metaspace       used 101021K, capacity 107574K, committed 107776K, reserved 1142784K
  class space    used 12482K, capacity 13717K, committed 13824K, reserved 1048576K
Event: 4531.840 GC heap after
Heap after GC invocations=65 (full 5):
 PSYoungGen      total 378368K, used 6672K [0x00000000e0000000, 0x00000000fba00000, 0x0000000100000000)
  eden space 315392K, 0% used [0x00000000e0000000,0x00000000e0000000,0x00000000f3400000)
  from space 62976K, 10% used [0x00000000f7c80000,0x00000000f8304020,0x00000000fba00000)
  to   space 68608K, 0% used [0x00000000f3400000,0x00000000f3400000,0x00000000f7700000)
 ParOldGen       total 485376K, used 247862K [0x00000000a0000000, 0x00000000bda00000, 0x00000000e0000000)
  object space 485376K, 51% used [0x00000000a0000000,0x00000000af20d958,0x00000000bda00000)
 Metaspace       used 101021K, capacity 107574K, committed 107776K, reserved 1142784K
  class space    used 12482K, capacity 13717K, committed 13824K, reserved 1048576K
}
Event: 4627.610 GC heap before
{Heap before GC invocations=66 (full 5):
 PSYoungGen      total 378368K, used 322064K [0x00000000e0000000, 0x00000000fba00000, 0x0000000100000000)
  eden space 315392K, 100% used [0x00000000e0000000,0x00000000f3400000,0x00000000f3400000)
  from space 62976K, 10% used [0x00000000f7c80000,0x00000000f8304020,0x00000000fba00000)
  to   space 68608K, 0% used [0x00000000f3400000,0x00000000f3400000,0x00000000f7700000)
 ParOldGen       total 485376K, used 247862K [0x00000000a0000000, 0x00000000bda00000, 0x00000000e0000000)
  object space 485376K, 51% used [0x00000000a0000000,0x00000000af20d958,0x00000000bda00000)
 Metaspace       used 101166K, capacity 107804K, committed 108032K, reserved 1142784K
  class space    used 12504K, capacity 13744K, committed 13824K, reserved 1048576K
Event: 4636.164 GC heap after
Heap after GC invocations=66 (full 5):
 PSYoungGen      total 384000K, used 33618K [0x00000000e0000000, 0x00000000fde80000, 0x0000000100000000)
  eden space 315392K, 0% used [0x00000000e0000000,0x00000000e0000000,0x00000000f3400000)
  from space 68608K, 49% used [0x00000000f3400000,0x00000000f54d4860,0x00000000f7700000)
  to   space 70144K, 0% used [0x00000000f9a00000,0x00000000f9a00000,0x00000000fde80000)
 ParOldGen       total 485376K, used 247862K [0x00000000a0000000, 0x00000000bda00000, 0x00000000e0000000)
  object space 485376K, 51% used [0x00000000a0000000,0x00000000af20d958,0x00000000bda00000)
 Metaspace       used 101166K, capacity 107804K, committed 108032K, reserved 1142784K
  class space    used 12504K, capacity 13744K, committed 13824K, reserved 1048576K
}

Deoptimization events (10 events):
Event: 4533.924 Thread 0x000000001d926800 Uncommon trap: reason=unstable_if action=reinterpret pc=0x000000000316bbbc method=java.util.regex.Pattern.sequence(Ljava/util/regex/Pattern$Node;)Ljava/util/regex/Pattern$Node; @ 144
Event: 4533.952 Thread 0x000000001d926800 Uncommon trap: reason=unstable_if action=reinterpret pc=0x000000000721374c method=org.gradle.api.internal.AbstractTask.compareTo(Lorg/gradle/api/Task;)I @ 17
Event: 4533.952 Thread 0x000000001d926800 Uncommon trap: reason=unstable_if action=reinterpret pc=0x0000000007216d78 method=org.gradle.api.internal.AbstractTask.compareTo(Lorg/gradle/api/Task;)I @ 17
Event: 4592.014 Thread 0x000000001d926800 Uncommon trap: reason=class_check action=maybe_recompile pc=0x0000000006cf281c method=org.gradle.api.internal.changedetection.state.OrderInsensitiveTaskFilePropertyCompareStrategy$2.computeNext()Lorg/gradle/api/internal/changedetection/rules/TaskStateChan
Event: 4592.026 Thread 0x000000001d926800 Uncommon trap: reason=class_check action=maybe_recompile pc=0x0000000006cf281c method=org.gradle.api.internal.changedetection.state.OrderInsensitiveTaskFilePropertyCompareStrategy$2.computeNext()Lorg/gradle/api/internal/changedetection/rules/TaskStateChan
Event: 4592.026 Thread 0x000000001d926800 Uncommon trap: reason=class_check action=maybe_recompile pc=0x0000000006cf281c method=org.gradle.api.internal.changedetection.state.OrderInsensitiveTaskFilePropertyCompareStrategy$2.computeNext()Lorg/gradle/api/internal/changedetection/rules/TaskStateChan
Event: 4592.504 Thread 0x000000001d926800 Uncommon trap: reason=class_check action=maybe_recompile pc=0x0000000006cf281c method=org.gradle.api.internal.changedetection.state.OrderInsensitiveTaskFilePropertyCompareStrategy$2.computeNext()Lorg/gradle/api/internal/changedetection/rules/TaskStateChan
Event: 4637.692 Thread 0x000000001d926800 Uncommon trap: reason=unstable_if action=reinterpret pc=0x000000000557866c method=com.sun.org.apache.xerces.internal.dom.NodeImpl.setOwnerDocument(Lcom/sun/org/apache/xerces/internal/dom/CoreDocumentImpl;)V @ 4
Event: 4637.693 Thread 0x000000001d926800 Uncommon trap: reason=unstable_if action=reinterpret pc=0x0000000004eb1248 method=com.sun.org.apache.xerces.internal.dom.NodeImpl.setOwnerDocument(Lcom/sun/org/apache/xerces/internal/dom/CoreDocumentImpl;)V @ 4
Event: 4637.696 Thread 0x000000001d926800 Uncommon trap: reason=unstable_if action=reinterpret pc=0x00000000079ef350 method=com.sun.org.apache.xerces.internal.dom.CoreDocumentImpl.adoptNode(Lorg/w3c/dom/Node;)Lorg/w3c/dom/Node; @ 421

Classes redefined (0 events):
No events

Internal exceptions (10 events):
Event: 4592.145 Thread 0x000000001d926800 Exception <a 'sun/nio/fs/WindowsException'> (0x00000000e54c4da8) thrown at [D:\src\AOSP-openjdk-cygwin\jdk8u\hotspot\src\share\vm\prims\jni.cpp, line 709]
Event: 4592.145 Thread 0x000000001d926800 Exception <a 'sun/nio/fs/WindowsException'> (0x00000000e54c58f0) thrown at [D:\src\AOSP-openjdk-cygwin\jdk8u\hotspot\src\share\vm\prims\jni.cpp, line 709]
Event: 4592.465 Thread 0x000000001d926800 Exception <a 'sun/nio/fs/WindowsException'> (0x00000000e5c8e170) thrown at [D:\src\AOSP-openjdk-cygwin\jdk8u\hotspot\src\share\vm\prims\jni.cpp, line 709]
Event: 4592.465 Thread 0x000000001d926800 Exception <a 'sun/nio/fs/WindowsException'> (0x00000000e5c8ecb8) thrown at [D:\src\AOSP-openjdk-cygwin\jdk8u\hotspot\src\share\vm\prims\jni.cpp, line 709]
Event: 4592.466 Thread 0x000000001d926800 Exception <a 'sun/nio/fs/WindowsException'> (0x00000000e5c90d90) thrown at [D:\src\AOSP-openjdk-cygwin\jdk8u\hotspot\src\share\vm\prims\jni.cpp, line 709]
Event: 4592.466 Thread 0x000000001d926800 Exception <a 'sun/nio/fs/WindowsException'> (0x00000000e5c918d8) thrown at [D:\src\AOSP-openjdk-cygwin\jdk8u\hotspot\src\share\vm\prims\jni.cpp, line 709]
Event: 4592.487 Thread 0x000000001d926800 Exception <a 'sun/nio/fs/WindowsException'> (0x00000000e5c93ac0) thrown at [D:\src\AOSP-openjdk-cygwin\jdk8u\hotspot\src\share\vm\prims\jni.cpp, line 709]
Event: 4592.487 Thread 0x000000001d926800 Exception <a 'sun/nio/fs/WindowsException'> (0x00000000e5c94608) thrown at [D:\src\AOSP-openjdk-cygwin\jdk8u\hotspot\src\share\vm\prims\jni.cpp, line 709]
Event: 4592.488 Thread 0x000000001d926800 Exception <a 'sun/nio/fs/WindowsException'> (0x00000000e5c96708) thrown at [D:\src\AOSP-openjdk-cygwin\jdk8u\hotspot\src\share\vm\prims\jni.cpp, line 709]
Event: 4592.488 Thread 0x000000001d926800 Exception <a 'sun/nio/fs/WindowsException'> (0x00000000e5c97250) thrown at [D:\src\AOSP-openjdk-cygwin\jdk8u\hotspot\src\share\vm\prims\jni.cpp, line 709]

Events (10 events):
Event: 4637.854 Thread 0x000000001fb13000 Thread added: 0x000000001fb13000
Event: 4637.854 Thread 0x000000001fb10000 Thread added: 0x000000001fb10000
Event: 4637.898 Thread 0x000000001fb12800 Thread added: 0x000000001fb12800
Event: 4637.898 Thread 0x00000000191aa800 Thread added: 0x00000000191aa800
Event: 4637.901 Thread 0x00000000191ae800 Thread added: 0x00000000191ae800
Event: 4637.901 Thread 0x00000000191b0000 Thread added: 0x00000000191b0000
Event: 4637.905 Thread 0x00000000191af000 Thread added: 0x00000000191af000
Event: 4637.905 Thread 0x00000000191b1800 Thread added: 0x00000000191b1800
Event: 4637.908 Thread 0x00000000191b0800 Thread added: 0x00000000191b0800
Event: 4637.909 Thread 0x00000000191b3000 Thread added: 0x00000000191b3000


Dynamic libraries:
0x00007ff6faaf0000 - 0x00007ff6fab21000 	C:\Program Files\Android\Android Studio3.0\jre\bin\java.exe
0x00007fff8c1d0000 - 0x00007fff8c37d000 	C:\Windows\SYSTEM32\ntdll.dll
0x00007fff89860000 - 0x00007fff8999e000 	C:\Windows\system32\KERNEL32.DLL
0x00007fff89450000 - 0x00007fff89565000 	C:\Windows\system32\KERNELBASE.dll
0x00007fff8bbf0000 - 0x00007fff8bc9a000 	C:\Windows\system32\ADVAPI32.dll
0x00007fff8a150000 - 0x00007fff8a2c7000 	C:\Windows\system32\USER32.dll
0x00007fff87410000 - 0x00007fff8768b000 	C:\Windows\WinSxS\amd64_microsoft.windows.common-controls_6595b64144ccf1df_6.0.9600.18006_none_623f33d3ecbe86e8\COMCTL32.dll
0x00007fff8c120000 - 0x00007fff8c1ca000 	C:\Windows\system32\msvcrt.dll
0x00007fff8bcc0000 - 0x00007fff8bd19000 	C:\Windows\SYSTEM32\sechost.dll
0x00007fff8bd90000 - 0x00007fff8bed0000 	C:\Windows\system32\RPCRT4.dll
0x00007fff89f40000 - 0x00007fff8a08b000 	C:\Windows\system32\GDI32.dll
0x00007fff893d0000 - 0x00007fff893fe000 	C:\Windows\system32\SspiCli.dll
0x00007fff89c90000 - 0x00007fff89cc6000 	C:\Windows\system32\IMM32.DLL
0x00007fff8a3b0000 - 0x00007fff8a501000 	C:\Windows\system32\MSCTF.dll
0x0000000057a10000 - 0x0000000057ae2000 	C:\Program Files\Android\Android Studio3.0\jre\jre\bin\msvcr100.dll
0x0000000057ea0000 - 0x00000000586df000 	C:\Program Files\Android\Android Studio3.0\jre\jre\bin\server\jvm.dll
0x00007fff86f10000 - 0x00007fff86f19000 	C:\Windows\SYSTEM32\WSOCK32.dll
0x00007fff7cf30000 - 0x00007fff7cf52000 	C:\Windows\SYSTEM32\WINMM.dll
0x00007fff81680000 - 0x00007fff8168a000 	C:\Windows\SYSTEM32\VERSION.dll
0x00007fff89e70000 - 0x00007fff89e77000 	C:\Windows\system32\PSAPI.DLL
0x00007fff8bee0000 - 0x00007fff8bf3a000 	C:\Windows\system32\WS2_32.dll
0x00007fff7c540000 - 0x00007fff7c56a000 	C:\Windows\SYSTEM32\WINMMBASE.dll
0x00007fff8a2d0000 - 0x00007fff8a2d9000 	C:\Windows\system32\NSI.dll
0x00007fff89400000 - 0x00007fff8944f000 	C:\Windows\SYSTEM32\cfgmgr32.dll
0x00007fff88120000 - 0x00007fff88148000 	C:\Windows\SYSTEM32\DEVOBJ.dll
0x00007fff85b50000 - 0x00007fff85b5f000 	C:\Program Files\Android\Android Studio3.0\jre\jre\bin\verify.dll
0x00007fff857e0000 - 0x00007fff85809000 	C:\Program Files\Android\Android Studio3.0\jre\jre\bin\java.dll
0x00007fff85780000 - 0x00007fff85796000 	C:\Program Files\Android\Android Studio3.0\jre\jre\bin\zip.dll
0x00007fff8a510000 - 0x00007fff8ba39000 	C:\Windows\system32\SHELL32.dll
0x00007fff89a00000 - 0x00007fff89c12000 	C:\Windows\SYSTEM32\combase.dll
0x00007fff899a0000 - 0x00007fff899f4000 	C:\Windows\system32\SHLWAPI.dll
0x00007fff87be0000 - 0x00007fff87c92000 	C:\Windows\SYSTEM32\SHCORE.dll
0x00007fff89300000 - 0x00007fff89315000 	C:\Windows\SYSTEM32\profapi.dll
0x00007fff850f0000 - 0x00007fff8510a000 	C:\Program Files\Android\Android Studio3.0\jre\jre\bin\net.dll
0x00007fff88af0000 - 0x00007fff88b49000 	C:\Windows\system32\mswsock.dll
0x00007fff828f0000 - 0x00007fff82901000 	C:\Program Files\Android\Android Studio3.0\jre\jre\bin\nio.dll
0x00007fff86f40000 - 0x00007fff86f5e000 	C:\Users\hilda\.gradle\native\25\windows-amd64\native-platform.dll
0x00007fff85760000 - 0x00007fff8576d000 	C:\Program Files\Android\Android Studio3.0\jre\jre\bin\management.dll
0x00007fff88b50000 - 0x00007fff88b70000 	C:\Windows\SYSTEM32\CRYPTSP.dll
0x00007fff88770000 - 0x00007fff887a6000 	C:\Windows\system32\rsaenh.dll
0x00007fff88de0000 - 0x00007fff88e06000 	C:\Windows\SYSTEM32\bcrypt.dll
0x00007fff88880000 - 0x00007fff888a1000 	C:\Windows\SYSTEM32\USERENV.dll
0x00007fff89160000 - 0x00007fff891c3000 	C:\Windows\system32\bcryptprimitives.dll
0x00007fff891d0000 - 0x00007fff891db000 	C:\Windows\SYSTEM32\CRYPTBASE.dll
0x00007fff84150000 - 0x00007fff8417a000 	C:\Windows\SYSTEM32\IPHLPAPI.DLL
0x00007fff843f0000 - 0x00007fff843fa000 	C:\Windows\SYSTEM32\WINNSI.DLL
0x00007fff83ca0000 - 0x00007fff83cb6000 	C:\Windows\SYSTEM32\dhcpcsvc6.DLL
0x00007fff83cd0000 - 0x00007fff83cea000 	C:\Windows\SYSTEM32\dhcpcsvc.DLL
0x00007fff6f240000 - 0x00007fff6f264000 	C:\Program Files\Android\Android Studio3.0\jre\jre\bin\sunec.dll
0x00007fff888f0000 - 0x00007fff88994000 	C:\Windows\SYSTEM32\DNSAPI.dll
0x00007fff737d0000 - 0x00007fff737da000 	C:\Windows\System32\rasadhlp.dll
0x00007fff83fc0000 - 0x00007fff8402b000 	C:\Windows\System32\fwpuclnt.dll
0x00007fff853a0000 - 0x00007fff853ab000 	C:\Program Files\Android\Android Studio3.0\jre\jre\bin\sunmscapi.dll
0x00007fff89570000 - 0x00007fff8974f000 	C:\Windows\system32\CRYPT32.dll
0x00007fff893b0000 - 0x00007fff893c1000 	C:\Windows\system32\MSASN1.dll
0x00007fff68f70000 - 0x00007fff69106000 	C:\Program Files\Android\Android Studio3.0\jre\jre\bin\awt.dll
0x00007fff8a2e0000 - 0x00007fff8a3a6000 	C:\Windows\system32\OLEAUT32.dll
0x00007fff6ac80000 - 0x00007fff6b101000 	C:\Windows\SYSTEM32\d2d1.dll
0x00007fff87b50000 - 0x00007fff87bde000 	C:\Windows\system32\apphelp.dll
0x00007fff876f0000 - 0x00007fff87711000 	C:\Windows\system32\DWMAPI.DLL
0x00007fff87fa0000 - 0x00007fff880c9000 	C:\Windows\system32\uxtheme.dll

VM Arguments:
jvm_args: -Xmx1536m -Dfile.encoding=windows-1252 -Duser.country=US -Duser.language=en -Duser.variant 
java_command: org.gradle.launcher.daemon.bootstrap.GradleDaemon 4.4
java_class_path (initial): C:\Users\hilda\.gradle\wrapper\dists\gradle-4.4-all\9br9xq1tocpiv8o6njlyu5op1\gradle-4.4\lib\gradle-launcher-4.4.jar
Launcher Type: SUN_STANDARD

Environment Variables:
JAVA_HOME=C:\Program Files\Java\jdk1.7.0_79
USERNAME=hilda
OS=Windows_NT
PROCESSOR_IDENTIFIER=Intel64 Family 6 Model 69 Stepping 1, GenuineIntel



---------------  S Y S T E M  ---------------

OS: Windows 8.1 , 64 bit Build 9600 (6.3.9600.17415)

CPU:total 4 (initial active 4) (2 cores per cpu, 2 threads per core) family 6 model 69 stepping 1, cmov, cx8, fxsr, mmx, sse, sse2, sse3, ssse3, sse4.1, sse4.2, popcnt, avx, avx2, aes, clmul, erms, lzcnt, ht, tsc, tscinvbit, bmi1, bmi2

Memory: 4k page, physical 10379628k(952500k free), swap 13525356k(6064k free)

vm_info: OpenJDK 64-Bit Server VM (25.152-b02) for windows-amd64 JRE (1.8.0_152-release-1024-b02), built by "builder" with MS VC++ 10.0 (VS2010)

time: Sun Feb 24 12:49:28 2019
elapsed time: 4638 seconds (0d 1h 17m 18s)

